C51 COMPILER V9.00   MAIN                                                                  10/05/2019 12:26:37 PAGE 1   


C51 COMPILER V9.00, COMPILATION OF MODULE MAIN
OBJECT MODULE PLACED IN main.OBJ
COMPILER INVOKED BY: C:\Keil\C51\BIN\C51.EXE main.c LARGE OMF2 OPTIMIZE(SIZE) BROWSE DEBUG

line level    source

   1          #include <STC8FXX.h>
   2          #include "iic.h"
   3          #include "MLX90640.h"
   4          
   5          #include <string.h>
   6          #include <stdio.h>
   7          #include <stdlib.h>
   8          #include<ctype.h>
   9          
  10          sfr IRCCR=0x9F;
  11          
  12          sbit LED_STA=P5^4;//P5.4(LED_STA)
  13          sbit LED_RUN=P5^5;//P5.5(LED_RUN)
  14          
  15          void Delay_us(BYTE us)
  16          {
  17   1              while (us--);
  18   1      }
  19          void Delay_ms(UINT16 ms)
  20          {
  21   1              unsigned char i;   
  22   1      
  23   1          while(ms--)
  24   1              {
  25   2                      for (i=0;i<10;i++)
  26   2                              Delay_us(100);
  27   2              }
  28   1      }
  29          void UART1Init(void)
  30          {
  31   1              P_SW1 &=~ 0xC0;                               //RXD/P3.0, TXD/P3.1
  32   1              
  33   1              SCON = 0x50;
  34   1          TMOD &=~ 0xF0;
  35   1          TL1 = 0xF4;
  36   1          TH1 = 0xFF;
  37   1          TR1 = 1;
  38   1          AUXR |= 0x40;               
  39   1      
  40   1              ES = 1;
  41   1              EA = 1; 
  42   1      }
  43          void UART1SendData(unsigned char dat)
  44          {
  45   1              SBUF=dat;
  46   1              while (!TI);
  47   1              TI=0;
  48   1      }
  49          void UART1SendString(char *s)
  50          {
  51   1              while (*s)
  52   1              {
  53   2                      UART1SendData(*s++);    
  54   2              } 
  55   1      }
C51 COMPILER V9.00   MAIN                                                                  10/05/2019 12:26:37 PAGE 2   

  56          void UART2Init(void)
  57          {       
  58   1              unsigned char temp=TMOD;
  59   1              P_SW2 |= 0x80;
  60   1              P_SW2 &= ~0x01;
  61   1              
  62   1              S2CON = 0x50;   
  63   1          T2L = 0xF4;
  64   1          T2H = 0xFF;
  65   1          AUXR |= 0x14;
  66   1              IE2 |= 0x01;
  67   1              EA = 1;
  68   1              TMOD=temp;
  69   1      }
  70          
  71          void main(void)
  72          {
  73   1              UINT16 Datas_n16[832];
  74   1              UINT16 i;
  75   1              UINT16 statusRegister,controlRegister1;
  76   1              
  77   1              P_SW2 |= 0x80;//特殊功能寄存器可写控制位
  78   1      
  79   1              //LED指示灯初始化
  80   1              P5M1&=~0x30;//P5.4/5(LED_STA/LED_RUN)
  81   1          P5M0|=0x30; 
  82   1              LED_STA=1;
  83   1              LED_RUN=1;
  84   1      
  85   1              UART1Init();//UART1=230400bps,N,8,1
  86   1              UART2Init();    
  87   1              
  88   1              IIC_Init(0);    //980kHz,0:980kHz;1:700kHz;2:500kHz;3:450kHz;4:390kHz;5:345kHz...63:41kHz
  89   1              I2CCFG|=0x80;   //使能硬件IIC接口       
  90   1      
  91   1              //初始化MLX90640
  92   1              UART1SendString("MLX90640 Init...");
  93   1              Delay_ms(20);
  94   1              MLX90640_I2CInit();
  95   1              Delay_ms(50);
  96   1              UART1SendString("OK\r\n");      
  97   1      
  98   1              Delay_ms(200);Delay_ms(200);Delay_ms(200);Delay_ms(200);Delay_ms(200);
  99   1              Delay_ms(200);Delay_ms(200);Delay_ms(200);Delay_ms(200);Delay_ms(200);
 100   1              Delay_ms(200);Delay_ms(200);Delay_ms(200);Delay_ms(200);Delay_ms(200);
 101   1              Delay_ms(200);Delay_ms(200);Delay_ms(200);Delay_ms(200);Delay_ms(200);
 102   1              Delay_ms(200);Delay_ms(200);Delay_ms(200);Delay_ms(200);Delay_ms(200);
 103   1              
 104   1              //输出MLX90640校准参数(MLX90640内部存储器的地址0x2400~0x273F)   
 105   1              MLX90640_I2CRead(0x2400, 832, Datas_n16);
 106   1              UART1SendString("MLX_EEM");
 107   1              for (i=0;i<832;i++)
 108   1              {               
 109   2                      UART1SendData(Datas_n16[i]>>8);
 110   2                      UART1SendData(Datas_n16[i]&0x00FF);
 111   2              }
 112   1              Delay_ms(100);  
 113   1              
 114   1              while (1)
 115   1              {
 116   2                      Delay_ms(10);
 117   2                      MLX90640_I2CRead(0x800D, 1, &controlRegister1);
C51 COMPILER V9.00   MAIN                                                                  10/05/2019 12:26:37 PAGE 3   

 118   2                      MLX90640_I2CRead(0x8000, 1, &statusRegister);
 119   2                      if (statusRegister&0x0008)//有测量完成的Frame
 120   2                      {
 121   3                              MLX90640_I2CWrite(0x8000, statusRegister&(~0x0018));
 122   3      
 123   3                              MLX90640_I2CRead(0x0400, 832, Datas_n16);
 124   3      
 125   3                              LED_RUN=1;
 126   3                              UART1SendString("MLX_FRM");
 127   3                              for (i=0;i<832;i++)
 128   3                              {
 129   4                                      UART1SendData(Datas_n16[i]>>8);
 130   4                                      UART1SendData(Datas_n16[i]&0x00FF);     
 131   4                              }               
 132   3      
 133   3                              //输出控制寄存器1和状态寄存器中的子页码
 134   3                              UART1SendData(controlRegister1>>8);
 135   3                              UART1SendData(controlRegister1&0x00FF);
 136   3                              UART1SendData(0x00);
 137   3                              UART1SendData(statusRegister&0x0001);
 138   3      
 139   3                              LED_RUN=0;
 140   3                      }       
 141   2              }
 142   1      }


MODULE INFORMATION:   STATIC OVERLAYABLE
   CODE SIZE        =    576    ----
   CONSTANT SIZE    =     38    ----
   XDATA SIZE       =   ----    1673
   PDATA SIZE       =   ----    ----
   DATA SIZE        =   ----    ----
   IDATA SIZE       =   ----    ----
   BIT SIZE         =   ----    ----
   EDATA SIZE       =   ----    ----
   HDATA SIZE       =   ----    ----
   XDATA CONST SIZE =   ----    ----
   FAR CONST SIZE   =   ----    ----
END OF MODULE INFORMATION.


C51 COMPILATION COMPLETE.  0 WARNING(S),  0 ERROR(S)
