C51 COMPILER V9.00   README                                                                10/05/2019 12:23:59 PAGE 1   


C51 COMPILER V9.00, COMPILATION OF MODULE README
OBJECT MODULE PLACED IN readme.OBJ
COMPILER INVOKED BY: C:\Keil\C51\BIN\C51.EXE readme.c LARGE OMF2 OPTIMIZE(SIZE) BROWSE DEBUG

line level    source

   1          /*
   2          固件下载说明
   3          使用STC-ISP6.86或者以上版本
   4          单片机型号:STC8F2K16S2
   5          IRC频率:必须设置为11.0592MHz
   6          其它选项默认即可
   7          
   8          打开PC端工具IFD_Tool
   9          选择端口名称
  10          设置通讯速率为230400
  11          连接端口
  12          给本设备上电（初始化，等待5秒，发送校正数据，循环发送实时测量子页数据）
  13          
  14          默认参数时为2Hz
  15          
  16          */


MODULE INFORMATION:   STATIC OVERLAYABLE
   CODE SIZE        =   ----    ----
   CONSTANT SIZE    =   ----    ----
   XDATA SIZE       =   ----    ----
   PDATA SIZE       =   ----    ----
   DATA SIZE        =   ----    ----
   IDATA SIZE       =   ----    ----
   BIT SIZE         =   ----    ----
   EDATA SIZE       =   ----    ----
   HDATA SIZE       =   ----    ----
   XDATA CONST SIZE =   ----    ----
   FAR CONST SIZE   =   ----    ----
END OF MODULE INFORMATION.


C51 COMPILATION COMPLETE.  0 WARNING(S),  0 ERROR(S)
